2023-03-16T00:23:05,173 [main] INFO  org.example.Calculator - [SQ ROOT] - 3.0
2023-03-16T00:23:05,174 [main] INFO  org.example.Calculator - [RESULT - SQ ROOT] - 1.7320508075688772
2023-03-16T00:23:05,174 [main] INFO  org.example.Calculator - [SQ ROOT] - 4.0
2023-03-16T00:23:05,175 [main] INFO  org.example.Calculator - [RESULT - SQ ROOT] - 2.0
2023-03-16T00:23:05,175 [main] INFO  org.example.Calculator - [NATURAL LOG] - 1.0
2023-03-16T00:23:05,175 [main] INFO  org.example.Calculator - [RESULT - NATURAL LOG] - 0.0
2023-03-16T00:23:05,175 [main] INFO  org.example.Calculator - [NATURAL LOG] - 300.0
2023-03-16T00:23:05,175 [main] INFO  org.example.Calculator - [RESULT - NATURAL LOG] - 5.703782474656201
2023-03-16T00:23:05,176 [main] INFO  org.example.Calculator - [NATURAL LOG] - 2.4
2023-03-16T00:23:05,176 [main] INFO  org.example.Calculator - [RESULT - NATURAL LOG] - 0.8754687373538999
2023-03-16T00:23:05,176 [main] INFO  org.example.Calculator - [NATURAL LOG] - 2.1
2023-03-16T00:23:05,176 [main] INFO  org.example.Calculator - [RESULT - NATURAL LOG] - 0.7419373447293773
2023-03-16T00:23:05,176 [main] INFO  org.example.Calculator - [FACTORIAL] - 3
2023-03-16T00:23:05,176 [main] INFO  org.example.Calculator - [RESULT - FACTORIAL] - 6
2023-03-16T00:23:05,176 [main] INFO  org.example.Calculator - [FACTORIAL] - 6
2023-03-16T00:23:05,177 [main] INFO  org.example.Calculator - [RESULT - FACTORIAL] - 720
2023-03-16T00:23:05,177 [main] INFO  org.example.Calculator - [FACTORIAL] - 5
2023-03-16T00:23:05,177 [main] INFO  org.example.Calculator - [RESULT - FACTORIAL] - 120
2023-03-16T00:23:05,177 [main] INFO  org.example.Calculator - [FACTORIAL] - 10
2023-03-16T00:23:05,177 [main] INFO  org.example.Calculator - [RESULT - FACTORIAL] - 3628800
2023-03-16T00:23:05,178 [main] INFO  org.example.Calculator - [POWER - 2.0 RAISED TO] 5.0
2023-03-16T00:23:05,178 [main] INFO  org.example.Calculator - [RESULT - POWER] - 32.0
2023-03-16T00:23:05,178 [main] INFO  org.example.Calculator - [POWER - 9.0 RAISED TO] 2.0
2023-03-16T00:23:05,178 [main] INFO  org.example.Calculator - [RESULT - POWER] - 81.0
2023-03-16T00:23:05,179 [main] INFO  org.example.Calculator - [POWER - 2.0 RAISED TO] 2.0
2023-03-16T00:23:05,179 [main] INFO  org.example.Calculator - [RESULT - POWER] - 4.0
2023-03-16T00:23:05,179 [main] INFO  org.example.Calculator - [POWER - -2.0 RAISED TO] 20.0
2023-03-16T00:23:05,179 [main] INFO  org.example.Calculator - [RESULT - POWER] - 1048576.0
2023-03-16T00:23:05,179 [main] INFO  org.example.Calculator - [SQ ROOT] - 121.0
2023-03-16T00:23:05,180 [main] INFO  org.example.Calculator - [RESULT - SQ ROOT] - 11.0
2023-03-16T00:23:05,180 [main] INFO  org.example.Calculator - [SQ ROOT] - 14641.0
2023-03-16T00:23:05,180 [main] INFO  org.example.Calculator - [RESULT - SQ ROOT] - 121.0
2023-03-16T00:26:22,791 [main] INFO  org.example.Calculator - [SQ ROOT] - 3.0
2023-03-16T00:26:22,792 [main] INFO  org.example.Calculator - [RESULT - SQ ROOT] - 1.7320508075688772
2023-03-16T00:26:22,793 [main] INFO  org.example.Calculator - [SQ ROOT] - 4.0
2023-03-16T00:26:22,793 [main] INFO  org.example.Calculator - [RESULT - SQ ROOT] - 2.0
2023-03-16T00:26:22,793 [main] INFO  org.example.Calculator - [NATURAL LOG] - 1.0
2023-03-16T00:26:22,793 [main] INFO  org.example.Calculator - [RESULT - NATURAL LOG] - 0.0
2023-03-16T00:26:22,794 [main] INFO  org.example.Calculator - [NATURAL LOG] - 300.0
2023-03-16T00:26:22,794 [main] INFO  org.example.Calculator - [RESULT - NATURAL LOG] - 5.703782474656201
2023-03-16T00:26:22,794 [main] INFO  org.example.Calculator - [NATURAL LOG] - 2.4
2023-03-16T00:26:22,794 [main] INFO  org.example.Calculator - [RESULT - NATURAL LOG] - 0.8754687373538999
2023-03-16T00:26:22,794 [main] INFO  org.example.Calculator - [NATURAL LOG] - 2.1
2023-03-16T00:26:22,794 [main] INFO  org.example.Calculator - [RESULT - NATURAL LOG] - 0.7419373447293773
2023-03-16T00:26:22,795 [main] INFO  org.example.Calculator - [FACTORIAL] - 3
2023-03-16T00:26:22,795 [main] INFO  org.example.Calculator - [RESULT - FACTORIAL] - 6
2023-03-16T00:26:22,795 [main] INFO  org.example.Calculator - [FACTORIAL] - 6
2023-03-16T00:26:22,795 [main] INFO  org.example.Calculator - [RESULT - FACTORIAL] - 720
2023-03-16T00:26:22,795 [main] INFO  org.example.Calculator - [FACTORIAL] - 5
2023-03-16T00:26:22,795 [main] INFO  org.example.Calculator - [RESULT - FACTORIAL] - 120
2023-03-16T00:26:22,796 [main] INFO  org.example.Calculator - [FACTORIAL] - 10
2023-03-16T00:26:22,796 [main] INFO  org.example.Calculator - [RESULT - FACTORIAL] - 3628800
2023-03-16T00:26:22,796 [main] INFO  org.example.Calculator - [POWER - 2.0 RAISED TO] 5.0
2023-03-16T00:26:22,796 [main] INFO  org.example.Calculator - [RESULT - POWER] - 32.0
2023-03-16T00:26:22,796 [main] INFO  org.example.Calculator - [POWER - 9.0 RAISED TO] 2.0
2023-03-16T00:26:22,796 [main] INFO  org.example.Calculator - [RESULT - POWER] - 81.0
2023-03-16T00:26:22,797 [main] INFO  org.example.Calculator - [POWER - 2.0 RAISED TO] 2.0
2023-03-16T00:26:22,797 [main] INFO  org.example.Calculator - [RESULT - POWER] - 4.0
2023-03-16T00:26:22,797 [main] INFO  org.example.Calculator - [POWER - -2.0 RAISED TO] 20.0
2023-03-16T00:26:22,797 [main] INFO  org.example.Calculator - [RESULT - POWER] - 1048576.0
2023-03-16T00:26:22,797 [main] INFO  org.example.Calculator - [SQ ROOT] - 121.0
2023-03-16T00:26:22,797 [main] INFO  org.example.Calculator - [RESULT - SQ ROOT] - 11.0
2023-03-16T00:26:22,797 [main] INFO  org.example.Calculator - [SQ ROOT] - 14641.0
2023-03-16T00:26:22,798 [main] INFO  org.example.Calculator - [RESULT - SQ ROOT] - 121.0
